d:\altus\altus\altus\x64\debug\vc143.pdb
d:\altus\altus\altus\x64\debug\vc143.idb
d:\altus\altus\altus\x64\debug\main.obj
d:\altus\altus\altus\x64\debug\filet.obj
d:\altus\altus\altus\x64\debug\connection.obj
d:\altus\altus\altus\x64\debug\channel.obj
d:\altus\altus\altus\x64\debug\altuspeer.obj
d:\altus\altus\altus\x64\debug\altusmodule.obj
d:\altus\altus\altus\x64\debug\altushost.obj
d:\altus\altus\altus\x64\debug\windowedqueue.obj
d:\altus\altus\altus\x64\debug\ublist.obj
d:\altus\altus\altus\x64\debug\callbackfunctiontypedef.obj
d:\altus\altus\altus\x64\debug\altus.exe
d:\altus\altus\altus\x64\debug\altus.ilk
d:\altus\altus\altus\x64\debug\altus.pdb
d:\altus\altus\altus\x64\debug\altushost.nativecodeanalysis.xml
d:\altus\altus\altus\x64\debug\altusmodule.nativecodeanalysis.xml
d:\altus\altus\altus\x64\debug\altuspeer.nativecodeanalysis.xml
d:\altus\altus\altus\x64\debug\channel.nativecodeanalysis.xml
d:\altus\altus\altus\x64\debug\connection.nativecodeanalysis.xml
d:\altus\altus\altus\x64\debug\filet.nativecodeanalysis.xml
d:\altus\altus\altus\x64\debug\main.nativecodeanalysis.xml
d:\altus\altus\altus\x64\debug\ublist.nativecodeanalysis.xml
d:\altus\altus\altus\x64\debug\vc.nativecodeanalysis.all.xml
d:\altus\altus\altus\x64\debug\windowedqueue.nativecodeanalysis.xml
d:\altus\altus\altus\x64\debug\altus.tlog\cl.command.1.tlog
d:\altus\altus\altus\x64\debug\altus.tlog\cl.read.1.tlog
d:\altus\altus\altus\x64\debug\altus.tlog\cl.write.1.tlog
d:\altus\altus\altus\x64\debug\altus.tlog\link.command.1.tlog
d:\altus\altus\altus\x64\debug\altus.tlog\link.read.1.tlog
d:\altus\altus\altus\x64\debug\altus.tlog\link.write.1.tlog
